Using pre-set license
Built from '2020.3/staging' branch; Version is '2020.3.9f1 (108be757e447) revision 1084391'; Using compiler version '192528614'; Build Type 'Release'
OS: 'Windows 10 Pro; OS build 19043.1288; Version 2009; 64bit' Language: 'en' Physical Memory: 8127 MB
BatchMode: 1, IsHumanControllingUs: 0, StartBugReporterOnCrash: 0, Is64bit: 1, IsPro: 0

 COMMAND LINE ARGUMENTS:
D:\Unity\2020.3.9f1\Editor\Unity.exe
-adb2
-batchMode
-noUpm
-name
AssetImportWorker0
-projectPath
D:/Dino/Project1
-logFile
Logs/AssetImportWorker0.log
-srvPort
56645
Successfully changed project path to: D:/Dino/Project1
D:/Dino/Project1
Using Asset Import Pipeline V2.
Refreshing native plugins compatible for Editor in 21.78 ms, found 0 plugins.
Preloading 0 native plugins for Editor in 0.00 ms.
Initialize engine version: 2020.3.9f1 (108be757e447)
[Subsystems] Discovering subsystems at path D:/Unity/2020.3.9f1/Editor/Data/Resources/UnitySubsystems
[Subsystems] Discovering subsystems at path D:/Dino/Project1/Assets
GfxDevice: creating device client; threaded=0
Direct3D:
    Version:  Direct3D 11.0 [level 11.1]
    Renderer: NVIDIA GeForce GTX 1050 Ti (ID=0x1c82)
    Vendor:   
    VRAM:     4018 MB
    Driver:   30.0.14.7168
Initialize mono
Mono path[0] = 'D:/Unity/2020.3.9f1/Editor/Data/Managed'
Mono path[1] = 'D:/Unity/2020.3.9f1/Editor/Data/MonoBleedingEdge/lib/mono/unityjit'
Mono config path = 'D:/Unity/2020.3.9f1/Editor/Data/MonoBleedingEdge/etc'
Using monoOptions --debugger-agent=transport=dt_socket,embedding=1,server=y,suspend=n,address=127.0.0.1:56388
Begin MonoManager ReloadAssembly
Registering precompiled unity dll's ...
Register platform support module: D:/Unity/2020.3.9f1/Editor/Data/PlaybackEngines/WindowsStandaloneSupport/UnityEditor.WindowsStandalone.Extensions.dll
Registered in 0.014149 seconds.
Native extension for WindowsStandalone target not found
Refreshing native plugins compatible for Editor in 25.07 ms, found 0 plugins.
Preloading 0 native plugins for Editor in 0.00 ms.
Mono: successfully reloaded assembly
- Completed reload, in  0.901 seconds
Platform modules already initialized, skipping
Registering precompiled user dll's ...
Registered in 0.000712 seconds.
Begin MonoManager ReloadAssembly
Native extension for WindowsStandalone target not found
Refreshing native plugins compatible for Editor in 0.20 ms, found 0 plugins.
Preloading 0 native plugins for Editor in 0.00 ms.
Mono: successfully reloaded assembly
- Completed reload, in  0.823 seconds
Platform modules already initialized, skipping
========================================================================
Worker process is ready to serve import requests
Launched and connected shader compiler UnityShaderCompiler.exe after 0.13 seconds
Refreshing native plugins compatible for Editor in 0.36 ms, found 0 plugins.
Preloading 0 native plugins for Editor in 0.00 ms.
Unloading 1122 Unused Serialized files (Serialized files now loaded: 0)
System memory in use before: 69.9 MB.
System memory in use after: 69.9 MB.

Unloading 10 unused Assets to reduce memory usage. Loaded Objects now: 1579.
Total: 2.446400 ms (FindLiveObjects: 0.139900 ms CreateObjectMapping: 0.058700 ms MarkObjects: 2.114500 ms  DeleteObjects: 0.131600 ms)

========================================================================
Received Import Request.
  path: Assets/Scenes/ChooseLevel.unity
  artifactKey: Guid(b983b6660eaba2644932aee5b5f2f1f3) Importer(815301076,1909f56bfc062723c751e8b465ee728b)
Start importing Assets/Scenes/ChooseLevel.unity using Guid(b983b6660eaba2644932aee5b5f2f1f3) Importer(815301076,1909f56bfc062723c751e8b465ee728b)  -> (artifact id: 'a8092f8c3c555782c6767f520005e0f8') in 0.052881 seconds
  Import took 0.085547 seconds .

========================================================================
Received Import Request.
  Time since last request: 225.422911 seconds.
  path: Assets/Scenes/New Scene.unity
  artifactKey: Guid(31505728d0bb2ec44988faf6252e0a03) Importer(815301076,1909f56bfc062723c751e8b465ee728b)
Start importing Assets/Scenes/New Scene.unity using Guid(31505728d0bb2ec44988faf6252e0a03) Importer(815301076,1909f56bfc062723c751e8b465ee728b)  -> (artifact id: '3451bac01e4b7b0e5c596342014a4faa') in 0.001704 seconds
  Import took 0.018507 seconds .

========================================================================
Received Import Request.
  Time since last request: 25.358349 seconds.
  path: Assets/Scenes/New Scene.unity
  artifactKey: Guid(31505728d0bb2ec44988faf6252e0a03) Importer(815301076,1909f56bfc062723c751e8b465ee728b)
Start importing Assets/Scenes/New Scene.unity using Guid(31505728d0bb2ec44988faf6252e0a03) Importer(815301076,1909f56bfc062723c751e8b465ee728b)  -> (artifact id: '3eda2b3a240e5afacc6d8f9554d275eb') in 0.002737 seconds
  Import took 0.013162 seconds .

========================================================================
Received Import Request.
  Time since last request: 228.608954 seconds.
  path: Assets/Scenes/New Scene.unity
  artifactKey: Guid(31505728d0bb2ec44988faf6252e0a03) Importer(815301076,1909f56bfc062723c751e8b465ee728b)
Start importing Assets/Scenes/New Scene.unity using Guid(31505728d0bb2ec44988faf6252e0a03) Importer(815301076,1909f56bfc062723c751e8b465ee728b)  -> (artifact id: '36cabf0dd499d460d472034e68e6cbd8') in 0.001697 seconds
  Import took 0.020355 seconds .

AssetImportWorkerClient::OnTransportError - code=2 error=End of file
